# JRE version: Java(TM) SE Runtime Environment (8.0_202-b08) (build 1.8.0_202-b08)
# Java VM: Java HotSpot(TM) 64-Bit Server VM (25.202-b08 mixed mode bsd-amd64 compressed oops)
Heap:
 PSYoungGen      total 268800K, used 193844K [0x0000000795580000, 0x00000007a9f80000, 0x00000007c0000000)
  eden space 214016K, 90% used [0x0000000795580000,0x00000007a12cd2d0,0x00000007a2680000)
  from space 54784K, 0% used [0x00000007a6a00000,0x00000007a6a00000,0x00000007a9f80000)
  to   space 61952K, 0% used [0x00000007a2680000,0x00000007a2680000,0x00000007a6300000)
 ParOldGen       total 693760K, used 423839K [0x0000000740000000, 0x000000076a580000, 0x0000000795580000)
  object space 693760K, 61% used [0x0000000740000000,0x0000000759de7d10,0x000000076a580000)
 Metaspace       used 42981K, capacity 46188K, committed 46208K, reserved 1089536K
  class space    used 5958K, capacity 6511K, committed 6528K, reserved 1048576K
GC Heap History (10 events):
Event: 2.818 GC heap before
{Heap before GC invocations=10 (full 4):
 PSYoungGen      total 150016K, used 5094K [0x0000000795580000, 0x00000007a9f00000, 0x00000007c0000000)
  eden space 144896K, 0% used [0x0000000795580000,0x0000000795580000,0x000000079e300000)
  from space 5120K, 99% used [0x00000007a2680000,0x00000007a2b79820,0x00000007a2b80000)
  to   space 69120K, 0% used [0x000000079e300000,0x000000079e300000,0x00000007a2680000)
 ParOldGen       total 488448K, used 404331K [0x0000000740000000, 0x000000075dd00000, 0x0000000795580000)
  object space 488448K, 82% used [0x0000000740000000,0x0000000758adaef0,0x000000075dd00000)
 Metaspace       used 12915K, capacity 13310K, committed 13440K, reserved 1060864K
  class space    used 1697K, capacity 1850K, committed 1920K, reserved 1048576K
Event: 2.857 GC heap after
Heap after GC invocations=10 (full 4):
 PSYoungGen      total 150016K, used 0K [0x0000000795580000, 0x00000007a9f00000, 0x00000007c0000000)
  eden space 144896K, 0% used [0x0000000795580000,0x0000000795580000,0x000000079e300000)
  from space 5120K, 0% used [0x00000007a2680000,0x00000007a2680000,0x00000007a2b80000)
  to   space 69120K, 0% used [0x000000079e300000,0x000000079e300000,0x00000007a2680000)
 ParOldGen       total 642048K, used 407294K [0x0000000740000000, 0x0000000767300000, 0x0000000795580000)
  object space 642048K, 63% used [0x0000000740000000,0x0000000758dbf8e0,0x0000000767300000)
 Metaspace       used 12915K, capacity 13310K, committed 13440K, reserved 1060864K
  class space    used 1697K, capacity 1850K, committed 1920K, reserved 1048576K
}
Event: 4.849 GC heap before
{Heap before GC invocations=11 (full 4):
 PSYoungGen      total 150016K, used 58365K [0x0000000795580000, 0x00000007a9f00000, 0x00000007c0000000)
  eden space 144896K, 40% used [0x0000000795580000,0x0000000798e7f730,0x000000079e300000)
  from space 5120K, 0% used [0x00000007a2680000,0x00000007a2680000,0x00000007a2b80000)
  to   space 69120K, 0% used [0x000000079e300000,0x000000079e300000,0x00000007a2680000)
 ParOldGen       total 642048K, used 407294K [0x0000000740000000, 0x0000000767300000, 0x0000000795580000)
  object space 642048K, 63% used [0x0000000740000000,0x0000000758dbf8e0,0x0000000767300000)
 Metaspace       used 21419K, capacity 22302K, committed 22400K, reserved 1069056K
  class space    used 2873K, capacity 3136K, committed 3200K, reserved 1048576K
Event: 4.858 GC heap after
Heap after GC invocations=11 (full 4):
 PSYoungGen      total 214016K, used 5919K [0x0000000795580000, 0x00000007aab00000, 0x00000007c0000000)
  eden space 144896K, 0% used [0x0000000795580000,0x0000000795580000,0x000000079e300000)
  from space 69120K, 8% used [0x000000079e300000,0x000000079e8c7e58,0x00000007a2680000)
  to   space 66560K, 0% used [0x00000007a6a00000,0x00000007a6a00000,0x00000007aab00000)
 ParOldGen       total 642048K, used 407302K [0x0000000740000000, 0x0000000767300000, 0x0000000795580000)
  object space 642048K, 63% used [0x0000000740000000,0x0000000758dc18e0,0x0000000767300000)
 Metaspace       used 21419K, capacity 22302K, committed 22400K, reserved 1069056K
  class space    used 2873K, capacity 3136K, committed 3200K, reserved 1048576K
}
Event: 4.858 GC heap before
{Heap before GC invocations=12 (full 5):
 PSYoungGen      total 214016K, used 5919K [0x0000000795580000, 0x00000007aab00000, 0x00000007c0000000)
  eden space 144896K, 0% used [0x0000000795580000,0x0000000795580000,0x000000079e300000)
  from space 69120K, 8% used [0x000000079e300000,0x000000079e8c7e58,0x00000007a2680000)
  to   space 66560K, 0% used [0x00000007a6a00000,0x00000007a6a00000,0x00000007aab00000)
 ParOldGen       total 642048K, used 407302K [0x0000000740000000, 0x0000000767300000, 0x0000000795580000)
  object space 642048K, 63% used [0x0000000740000000,0x0000000758dc18e0,0x0000000767300000)
 Metaspace       used 21419K, capacity 22302K, committed 22400K, reserved 1069056K
  class space    used 2873K, capacity 3136K, committed 3200K, reserved 1048576K
Event: 4.960 GC heap after
Heap after GC invocations=12 (full 5):
 PSYoungGen      total 214016K, used 0K [0x0000000795580000, 0x00000007aab00000, 0x00000007c0000000)
  eden space 144896K, 0% used [0x0000000795580000,0x0000000795580000,0x000000079e300000)
  from space 69120K, 0% used [0x000000079e300000,0x000000079e300000,0x00000007a2680000)
  to   space 66560K, 0% used [0x00000007a6a00000,0x00000007a6a00000,0x00000007aab00000)
 ParOldGen       total 665088K, used 412778K [0x0000000740000000, 0x0000000768980000, 0x0000000795580000)
  object space 665088K, 62% used [0x0000000740000000,0x000000075931a840,0x0000000768980000)
 Metaspace       used 21416K, capacity 22294K, committed 22400K, reserved 1069056K
  class space    used 2872K, capacity 3134K, committed 3200K, reserved 1048576K
}
Event: 7.332 GC heap before
{Heap before GC invocations=13 (full 5):
 PSYoungGen      total 214016K, used 141730K [0x0000000795580000, 0x00000007aab00000, 0x00000007c0000000)
  eden space 144896K, 97% used [0x0000000795580000,0x000000079dfe88c8,0x000000079e300000)
  from space 69120K, 0% used [0x000000079e300000,0x000000079e300000,0x00000007a2680000)
  to   space 66560K, 0% used [0x00000007a6a00000,0x00000007a6a00000,0x00000007aab00000)
 ParOldGen       total 665088K, used 412778K [0x0000000740000000, 0x0000000768980000, 0x0000000795580000)
  object space 665088K, 62% used [0x0000000740000000,0x000000075931a840,0x0000000768980000)
 Metaspace       used 35318K, capacity 37298K, committed 37336K, reserved 1081344K
  class space    used 4816K, capacity 5214K, committed 5248K, reserved 1048576K
Event: 7.353 GC heap after
Heap after GC invocations=13 (full 5):
 PSYoungGen      total 268800K, used 15618K [0x0000000795580000, 0x00000007a9f80000, 0x00000007c0000000)
  eden space 214016K, 0% used [0x0000000795580000,0x0000000795580000,0x00000007a2680000)
  from space 54784K, 28% used [0x00000007a6a00000,0x00000007a7940838,0x00000007a9f80000)
  to   space 61952K, 0% used [0x00000007a2680000,0x00000007a2680000,0x00000007a6300000)
 ParOldGen       total 665088K, used 412786K [0x0000000740000000, 0x0000000768980000, 0x0000000795580000)
  object space 665088K, 62% used [0x0000000740000000,0x000000075931c840,0x0000000768980000)
 Metaspace       used 35318K, capacity 37298K, committed 37336K, reserved 1081344K
  class space    used 4816K, capacity 5214K, committed 5248K, reserved 1048576K
}
Event: 7.353 GC heap before
{Heap before GC invocations=14 (full 6):
 PSYoungGen      total 268800K, used 15618K [0x0000000795580000, 0x00000007a9f80000, 0x00000007c0000000)
  eden space 214016K, 0% used [0x0000000795580000,0x0000000795580000,0x00000007a2680000)
  from space 54784K, 28% used [0x00000007a6a00000,0x00000007a7940838,0x00000007a9f80000)
  to   space 61952K, 0% used [0x00000007a2680000,0x00000007a2680000,0x00000007a6300000)
 ParOldGen       total 665088K, used 412786K [0x0000000740000000, 0x0000000768980000, 0x0000000795580000)
  object space 665088K, 62% used [0x0000000740000000,0x000000075931c840,0x0000000768980000)
 Metaspace       used 35318K, capacity 37298K, committed 37336K, reserved 1081344K
  class space    used 4816K, capacity 5214K, committed 5248K, reserved 1048576K
Event: 7.413 GC heap after
Heap after GC invocations=14 (full 6):
 PSYoungGen      total 268800K, used 0K [0x0000000795580000, 0x00000007a9f80000, 0x00000007c0000000)
  eden space 214016K, 0% used [0x0000000795580000,0x0000000795580000,0x00000007a2680000)
  from space 54784K, 0% used [0x00000007a6a00000,0x00000007a6a00000,0x00000007a9f80000)
  to   space 61952K, 0% used [0x00000007a2680000,0x00000007a2680000,0x00000007a6300000)
 ParOldGen       total 693760K, used 423839K [0x0000000740000000, 0x000000076a580000, 0x0000000795580000)
  object space 693760K, 61% used [0x0000000740000000,0x0000000759de7d10,0x000000076a580000)
 Metaspace       used 35318K, capacity 37298K, committed 37336K, reserved 1081344K
  class space    used 4816K, capacity 5214K, committed 5248K, reserved 1048576K
}

